13:27:40.257 [main] INFO  org.testng.log4testng.Logger.info(Logger.java:112)oggger - [TestNG] Time taken by org.testng.internal.ExitCodeListener@64138b0c: 2 ms
13:59:15.838 [main] INFO  org.testng.log4testng.Logger.info(Logger.java:112)oggger - [TestNG] Running:
  C:\Automation\FrameWork\OpenCart121\crossbrowsertesting.xml

14:00:30.940 [main] INFO  org.testng.log4testng.Logger.info(Logger.java:112)oggger - [TestNG] Running:
  C:\Automation\FrameWork\OpenCart121\crossbrowsertesting.xml

14:01:17.370 [main] INFO  org.testng.log4testng.Logger.info(Logger.java:112)oggger - [TestNG] Running:
  C:\Automation\FrameWork\OpenCart121\Mastertestng.xml

14:04:08.396 [main] INFO  org.testng.log4testng.Logger.info(Logger.java:112)oggger - [TestNG] Running:
  C:\Automation\FrameWork\OpenCart121\Mastertestng.xml

14:08:09.099 [main] INFO  org.testng.log4testng.Logger.info(Logger.java:112)oggger - [TestNG] Running:
  C:\Automation\FrameWork\OpenCart121\Mastertestng.xml

14:08:13.006 [main] INFO  testCases.TC_AccountRegistration.accountRegistration(TC_AccountRegistration.java:23)oggger - ** Starting TC_AccountRegistration**
14:08:13.154 [main] INFO  testCases.TC_AccountRegistration.accountRegistration(TC_AccountRegistration.java:27)oggger - Clicked on Myaccount
14:08:13.449 [main] INFO  testCases.TC_AccountRegistration.accountRegistration(TC_AccountRegistration.java:30)oggger - Clicked on MyRegister Page
14:08:13.466 [main] INFO  testCases.TC_AccountRegistration.accountRegistration(TC_AccountRegistration.java:33)oggger - Providing customer details
14:08:15.634 [main] ERROR testCases.TC_AccountRegistration.accountRegistration(TC_AccountRegistration.java:53)oggger - Test Failed
14:08:15.634 [main] ERROR testCases.TC_AccountRegistration.accountRegistration(TC_AccountRegistration.java:54)oggger - Debug Test
14:08:40.708 [main] INFO  org.testng.log4testng.Logger.info(Logger.java:112)oggger - [TestNG] Running:
  C:\Automation\FrameWork\OpenCart121\crossbrowsertesting.xml

14:08:43.774 [TestNG-tests-1] INFO  testCases.TC_AccountRegistration.accountRegistration(TC_AccountRegistration.java:23)oggger - ** Starting TC_AccountRegistration**
14:08:44.032 [TestNG-tests-1] INFO  testCases.TC_AccountRegistration.accountRegistration(TC_AccountRegistration.java:27)oggger - Clicked on Myaccount
14:08:44.472 [TestNG-tests-1] INFO  testCases.TC_AccountRegistration.accountRegistration(TC_AccountRegistration.java:30)oggger - Clicked on MyRegister Page
14:08:44.478 [TestNG-tests-1] INFO  testCases.TC_AccountRegistration.accountRegistration(TC_AccountRegistration.java:33)oggger - Providing customer details
14:08:46.457 [TestNG-tests-1] INFO  testCases.TC_AccountRegistration.accountRegistration(TC_AccountRegistration.java:49)oggger - Test Passed
14:08:48.624 [TestNG-tests-2] INFO  testCases.TC_AccountRegistration.accountRegistration(TC_AccountRegistration.java:23)oggger - ** Starting TC_AccountRegistration**
14:08:48.747 [TestNG-tests-2] INFO  testCases.TC_AccountRegistration.accountRegistration(TC_AccountRegistration.java:27)oggger - Clicked on Myaccount
14:08:49.102 [TestNG-tests-2] INFO  testCases.TC_AccountRegistration.accountRegistration(TC_AccountRegistration.java:30)oggger - Clicked on MyRegister Page
14:08:49.102 [TestNG-tests-2] INFO  testCases.TC_AccountRegistration.accountRegistration(TC_AccountRegistration.java:33)oggger - Providing customer details
14:08:51.147 [TestNG-tests-2] INFO  testCases.TC_AccountRegistration.accountRegistration(TC_AccountRegistration.java:49)oggger - Test Passed
14:09:29.466 [TestNG-tests-3] INFO  testCases.TC_AccountRegistration.accountRegistration(TC_AccountRegistration.java:23)oggger - ** Starting TC_AccountRegistration**
14:09:29.608 [TestNG-tests-3] INFO  testCases.TC_AccountRegistration.accountRegistration(TC_AccountRegistration.java:27)oggger - Clicked on Myaccount
14:09:29.870 [TestNG-tests-3] INFO  testCases.TC_AccountRegistration.accountRegistration(TC_AccountRegistration.java:30)oggger - Clicked on MyRegister Page
14:09:29.870 [TestNG-tests-3] INFO  testCases.TC_AccountRegistration.accountRegistration(TC_AccountRegistration.java:33)oggger - Providing customer details
14:09:31.387 [TestNG-tests-3] INFO  testCases.TC_AccountRegistration.accountRegistration(TC_AccountRegistration.java:49)oggger - Test Passed
14:11:29.592 [main] INFO  org.testng.log4testng.Logger.info(Logger.java:112)oggger - [TestNG] Running:
  C:\Automation\FrameWork\OpenCart121\crossbrowsertesting.xml

14:11:34.401 [TestNG-tests-2] INFO  testCases.TC_AccountRegistration.accountRegistration(TC_AccountRegistration.java:23)oggger - ** Starting TC_AccountRegistration**
14:11:34.625 [TestNG-tests-2] INFO  testCases.TC_AccountRegistration.accountRegistration(TC_AccountRegistration.java:27)oggger - Clicked on Myaccount
14:11:34.853 [TestNG-tests-1] INFO  testCases.TC_AccountRegistration.accountRegistration(TC_AccountRegistration.java:23)oggger - ** Starting TC_AccountRegistration**
14:11:35.096 [TestNG-tests-1] INFO  testCases.TC_AccountRegistration.accountRegistration(TC_AccountRegistration.java:27)oggger - Clicked on Myaccount
