08:05:22.150 [main] INFO  testCases.TC002_LoginTest.verifyLogin(TC002_LoginTest.java:24)oggger - **Starting VerifyLoginTest**
08:05:22.515 [main] INFO  testCases.TC002_LoginTest.verifyLogin(TC002_LoginTest.java:24)oggger - **Starting VerifyLoginTest**
08:05:22.865 [main] INFO  testCases.TC002_LoginTest.verifyLogin(TC002_LoginTest.java:24)oggger - **Starting VerifyLoginTest**
08:05:23.248 [main] INFO  testCases.TC002_LoginTest.verifyLogin(TC002_LoginTest.java:24)oggger - **Starting VerifyLoginTest**
08:05:57.239 [main] INFO  org.testng.log4testng.Logger.info(Logger.java:112)oggger - [TestNG] Running:
  C:\Automation\FrameWork\OpenCart121\Mastertestng.xml

08:06:00.439 [main] INFO  testCases.TC002_LoginTest.verifyLogin(TC002_LoginTest.java:24)oggger - **Starting VerifyLoginTest**
08:06:11.663 [main] INFO  testCases.TC002_LoginTest.verifyLogin(TC002_LoginTest.java:24)oggger - **Starting VerifyLoginTest**
08:06:15.516 [main] INFO  testCases.TC002_LoginTest.verifyLogin(TC002_LoginTest.java:24)oggger - **Starting VerifyLoginTest**
08:06:17.012 [main] INFO  testCases.TC002_LoginTest.verifyLogin(TC002_LoginTest.java:24)oggger - **Starting VerifyLoginTest**
08:06:27.518 [main] INFO  testCases.TC002_LoginTest.verifyLogin(TC002_LoginTest.java:60)oggger - *** Finished LoginTese ***
08:06:27.518 [main] INFO  testCases.TC002_LoginTest.verifyLogin(TC002_LoginTest.java:24)oggger - **Starting VerifyLoginTest**
08:06:29.099 [main] INFO  testCases.TC002_LoginTest.verifyLogin(TC002_LoginTest.java:60)oggger - *** Finished LoginTese ***
13:12:53.502 [main] INFO  org.testng.log4testng.Logger.info(Logger.java:112)oggger - [TestNG] Running:
  C:\Automation\FrameWork\OpenCart121\grouping.xml

13:12:57.824 [main] INFO  testCases.TC002_LoginTestWithoutDDT.verifyLogin(TC002_LoginTestWithoutDDT.java:24)oggger - **Starting VerifyLoginTest**
13:13:00.033 [main] INFO  testCases.TC002_LoginTestWithoutDDT.verifyLogin(TC002_LoginTestWithoutDDT.java:45)oggger - *** Finished LoginTese ***
13:14:55.010 [main] INFO  org.testng.log4testng.Logger.info(Logger.java:112)oggger - [TestNG] Running:
  C:\Automation\FrameWork\OpenCart121\Mastertestng.xml

13:15:00.590 [main] INFO  testCases.TC002_LoginTestWithoutDDT.verifyLogin(TC002_LoginTestWithoutDDT.java:24)oggger - **Starting VerifyLoginTest**
13:16:46.802 [main] INFO  org.testng.log4testng.Logger.info(Logger.java:112)oggger - [TestNG] Running:
  C:\Automation\FrameWork\OpenCart121\Mastertestng.xml

13:16:50.159 [main] INFO  testCases.TC002_LoginTestWithoutDDT.verifyLogin(TC002_LoginTestWithoutDDT.java:24)oggger - **Starting VerifyLoginTest**
13:18:32.069 [main] INFO  org.testng.log4testng.Logger.info(Logger.java:112)oggger - [TestNG] Running:
  C:\Automation\FrameWork\OpenCart121\Mastertestng.xml

13:18:34.533 [main] INFO  testCases.TC002_LoginTestWithoutDDT.verifyLogin(TC002_LoginTestWithoutDDT.java:24)oggger - **Starting VerifyLoginTest**
13:25:13.431 [main] INFO  org.testng.log4testng.Logger.info(Logger.java:112)oggger - [TestNG] Running:
  C:\Automation\FrameWork\OpenCart121\Mastertestng.xml

13:25:16.237 [main] INFO  testCases.TC002_LoginTestWithoutDDT.verifyLogin(TC002_LoginTestWithoutDDT.java:24)oggger - **Starting VerifyLoginTest**
13:29:36.502 [main] INFO  org.testng.log4testng.Logger.info(Logger.java:112)oggger - [TestNG] Running:
  C:\Automation\FrameWork\OpenCart121\Mastertestng.xml

13:29:40.284 [main] INFO  testCases.TC002_LoginTestWithoutDDT.verifyLogin(TC002_LoginTestWithoutDDT.java:24)oggger - **Starting VerifyLoginTest**
13:33:01.859 [main] INFO  org.testng.log4testng.Logger.info(Logger.java:112)oggger - [TestNG] Running:
  C:\Automation\FrameWork\OpenCart121\Mastertestng.xml

13:33:04.663 [main] INFO  testCases.TC002_LoginTestWithoutDDT.verifyLogin(TC002_LoginTestWithoutDDT.java:24)oggger - **Starting VerifyLoginTest**
21:22:04.793 [main] INFO  org.testng.log4testng.Logger.info(Logger.java:112)oggger - [TestNG] Running:
  C:\Automation\FrameWork\OpenCart121\Mastertestng.xml

21:23:24.545 [main] INFO  org.testng.log4testng.Logger.info(Logger.java:112)oggger - [TestNG] Running:
  C:\Automation\FrameWork\OpenCart121\Mastertestng.xml

21:25:02.445 [main] INFO  org.testng.log4testng.Logger.info(Logger.java:112)oggger - [TestNG] Running:
  C:\Automation\FrameWork\OpenCart121\Mastertestng.xml

21:25:06.685 [main] INFO  testCases.TC002_LoginTestWithoutDDT.verifyLogin(TC002_LoginTestWithoutDDT.java:24)oggger - **Starting VerifyLoginTest**
21:25:09.014 [main] INFO  testCases.TC002_LoginTestWithoutDDT.verifyLogin(TC002_LoginTestWithoutDDT.java:45)oggger - *** Finished LoginTese ***
21:29:13.950 [main] INFO  org.testng.log4testng.Logger.info(Logger.java:112)oggger - [TestNG] Running:
  C:\Automation\FrameWork\OpenCart121\Mastertestng.xml

21:29:54.485 [main] INFO  org.testng.log4testng.Logger.info(Logger.java:112)oggger - [TestNG] Running:
  C:\Automation\FrameWork\OpenCart121\Mastertestng.xml

21:29:59.287 [main] INFO  testCases.TC002_LoginTestWithoutDDT.verifyLogin(TC002_LoginTestWithoutDDT.java:24)oggger - **Starting VerifyLoginTest**
