14:11:35.216 [TestNG-tests-2] INFO  testCases.TC_AccountRegistration.accountRegistration(TC_AccountRegistration.java:30)oggger - Clicked on MyRegister Page
14:11:35.236 [TestNG-tests-2] INFO  testCases.TC_AccountRegistration.accountRegistration(TC_AccountRegistration.java:33)oggger - Providing customer details
14:11:35.658 [TestNG-tests-1] INFO  testCases.TC_AccountRegistration.accountRegistration(TC_AccountRegistration.java:30)oggger - Clicked on MyRegister Page
14:11:35.658 [TestNG-tests-1] INFO  testCases.TC_AccountRegistration.accountRegistration(TC_AccountRegistration.java:33)oggger - Providing customer details
14:11:36.169 [TestNG-tests-3] INFO  testCases.TC_AccountRegistration.accountRegistration(TC_AccountRegistration.java:23)oggger - ** Starting TC_AccountRegistration**
14:11:36.293 [TestNG-tests-3] INFO  testCases.TC_AccountRegistration.accountRegistration(TC_AccountRegistration.java:27)oggger - Clicked on Myaccount
14:11:36.588 [TestNG-tests-3] INFO  testCases.TC_AccountRegistration.accountRegistration(TC_AccountRegistration.java:30)oggger - Clicked on MyRegister Page
14:11:36.588 [TestNG-tests-3] INFO  testCases.TC_AccountRegistration.accountRegistration(TC_AccountRegistration.java:33)oggger - Providing customer details
14:11:38.527 [TestNG-tests-1] INFO  testCases.TC_AccountRegistration.accountRegistration(TC_AccountRegistration.java:49)oggger - Test Passed
14:11:38.577 [TestNG-tests-2] INFO  testCases.TC_AccountRegistration.accountRegistration(TC_AccountRegistration.java:49)oggger - Test Passed
14:11:38.736 [TestNG-tests-3] INFO  testCases.TC_AccountRegistration.accountRegistration(TC_AccountRegistration.java:49)oggger - Test Passed
20:08:08.634 [main] INFO  org.testng.log4testng.Logger.info(Logger.java:112)oggger - [TestNG] Running:
  C:\Automation\FrameWork\OpenCart121\Mastertestng.xml

20:08:12.614 [main] INFO  testCases.TC002_LoginTest.verifyLogin(TC002_LoginTest.java:13)oggger - **Starting VerifyLoginTest**
20:09:06.709 [main] INFO  org.testng.log4testng.Logger.info(Logger.java:112)oggger - [TestNG] Running:
  C:\Automation\FrameWork\OpenCart121\Mastertestng.xml

20:09:09.086 [main] INFO  testCases.TC002_LoginTest.verifyLogin(TC002_LoginTest.java:13)oggger - **Starting VerifyLoginTest**
20:09:10.958 [main] INFO  testCases.TC002_LoginTest.verifyLogin(TC002_LoginTest.java:33)oggger - *** Finished LoginTese ***
20:27:38.506 [main] INFO  org.testng.log4testng.Logger.info(Logger.java:112)oggger - [TestNG] Running:
  C:\Automation\FrameWork\OpenCart121\crossbrowsertesting.xml

20:27:41.482 [TestNG-tests-2] INFO  testCases.TC_AccountRegistration.accountRegistration(TC_AccountRegistration.java:23)oggger - ** Starting TC_AccountRegistration**
20:27:41.733 [TestNG-tests-2] INFO  testCases.TC_AccountRegistration.accountRegistration(TC_AccountRegistration.java:27)oggger - Clicked on Myaccount
20:27:42.322 [TestNG-tests-1] INFO  testCases.TC002_LoginTest.verifyLogin(TC002_LoginTest.java:13)oggger - **Starting VerifyLoginTest**
20:27:42.353 [TestNG-tests-2] INFO  testCases.TC_AccountRegistration.accountRegistration(TC_AccountRegistration.java:30)oggger - Clicked on MyRegister Page
20:27:42.360 [TestNG-tests-2] INFO  testCases.TC_AccountRegistration.accountRegistration(TC_AccountRegistration.java:33)oggger - Providing customer details
20:27:44.960 [TestNG-tests-1] INFO  testCases.TC002_LoginTest.verifyLogin(TC002_LoginTest.java:33)oggger - *** Finished LoginTese ***
20:27:45.150 [TestNG-tests-2] INFO  testCases.TC_AccountRegistration.accountRegistration(TC_AccountRegistration.java:49)oggger - Test Passed
20:27:46.868 [TestNG-tests-3] INFO  testCases.TC_AccountRegistration.accountRegistration(TC_AccountRegistration.java:23)oggger - ** Starting TC_AccountRegistration**
20:27:46.990 [TestNG-tests-3] INFO  testCases.TC_AccountRegistration.accountRegistration(TC_AccountRegistration.java:27)oggger - Clicked on Myaccount
20:27:47.766 [TestNG-tests-3] INFO  testCases.TC_AccountRegistration.accountRegistration(TC_AccountRegistration.java:30)oggger - Clicked on MyRegister Page
20:27:47.766 [TestNG-tests-3] INFO  testCases.TC_AccountRegistration.accountRegistration(TC_AccountRegistration.java:33)oggger - Providing customer details
20:27:48.864 [TestNG-tests-3] INFO  testCases.TC_AccountRegistration.accountRegistration(TC_AccountRegistration.java:49)oggger - Test Passed
20:28:24.762 [main] INFO  org.testng.log4testng.Logger.info(Logger.java:112)oggger - [TestNG] Running:
  C:\Automation\FrameWork\OpenCart121\Mastertestng.xml

20:28:28.914 [main] INFO  testCases.TC002_LoginTest.verifyLogin(TC002_LoginTest.java:13)oggger - **Starting VerifyLoginTest**
20:28:31.876 [main] INFO  testCases.TC002_LoginTest.verifyLogin(TC002_LoginTest.java:33)oggger - *** Finished LoginTese ***
08:05:16.665 [main] INFO  org.testng.log4testng.Logger.info(Logger.java:112)oggger - [TestNG] Running:
  C:\Automation\FrameWork\OpenCart121\Mastertestng.xml

08:05:21.711 [main] INFO  testCases.TC002_LoginTest.verifyLogin(TC002_LoginTest.java:24)oggger - **Starting VerifyLoginTest**
